{"C:\\progRSschool2\\apsmd-rs-react-app-task3-PR\\src\\components\\Pagination.tsx": {"path":"C:\\progRSschool2\\apsmd-rs-react-app-task3-PR\\src\\components\\Pagination.tsx","statementMap":{"0":{"start":{"line":12,"column":46},"end":{"line":29,"column":1}},"1":{"start":{"line":13,"column":6},"end":{"line":13,"column":null}},"2":{"start":{"line":14,"column":16},"end":{"line":14,"column":null}},"3":{"start":{"line":15,"column":20},"end":{"line":15,"column":null}},"4":{"start":{"line":16,"column":20},"end":{"line":16,"column":null}},"5":{"start":{"line":17,"column":16},"end":{"line":17,"column":null}},"6":{"start":{"line":19,"column":2},"end":{"line":28,"column":4}},"7":{"start":{"line":31,"column":0},"end":{"line":31,"column":26}}},"fnMap":{"0":{"name":"(anonymous_0)","decl":{"start":{"line":12,"column":46},"end":{"line":12,"column":47}},"loc":{"start":{"line":18,"column":1},"end":{"line":29,"column":1}}}},"branchMap":{},"s":{"0":1,"1":5,"2":5,"3":5,"4":5,"5":5,"6":5,"7":1},"f":{"0":5},"b":{}}
,"C:\\progRSschool2\\apsmd-rs-react-app-task3-PR\\src\\components\\SearchBar\\SearchBar.tsx": {"path":"C:\\progRSschool2\\apsmd-rs-react-app-task3-PR\\src\\components\\SearchBar\\SearchBar.tsx","statementMap":{"0":{"start":{"line":2,"column":0},"end":{"line":2,"column":40}},"1":{"start":{"line":3,"column":0},"end":{"line":3,"column":25}},"2":{"start":{"line":9,"column":44},"end":{"line":36,"column":1}},"3":{"start":{"line":9,"column":55},"end":{"line":9,"column":57}},"4":{"start":{"line":10,"column":38},"end":{"line":10,"column":50}},"5":{"start":{"line":10,"column":19},"end":{"line":10,"column":21}},"6":{"start":{"line":10,"column":34},"end":{"line":10,"column":38}},"7":{"start":{"line":12,"column":23},"end":{"line":15,"column":3}},"8":{"start":{"line":13,"column":4},"end":{"line":13,"column":39}},"9":{"start":{"line":14,"column":4},"end":{"line":14,"column":22}},"10":{"start":{"line":17,"column":24},"end":{"line":22,"column":3}},"11":{"start":{"line":18,"column":4},"end":{"line":21,"column":5}},"12":{"start":{"line":19,"column":6},"end":{"line":19,"column":21}},"13":{"start":{"line":24,"column":2},"end":{"line":35,"column":4}},"14":{"start":{"line":30,"column":25},"end":{"line":30,"column":null}},"15":{"start":{"line":38,"column":0},"end":{"line":38,"column":25}}},"fnMap":{"0":{"name":"(anonymous_0)","decl":{"start":{"line":9,"column":44},"end":{"line":9,"column":45}},"loc":{"start":{"line":9,"column":57},"end":{"line":36,"column":1}}},"1":{"name":"(anonymous_1)","decl":{"start":{"line":12,"column":23},"end":{"line":12,"column":null}},"loc":{"start":{"line":12,"column":23},"end":{"line":15,"column":3}}},"2":{"name":"(anonymous_2)","decl":{"start":{"line":17,"column":24},"end":{"line":17,"column":25}},"loc":{"start":{"line":17,"column":47},"end":{"line":22,"column":3}}},"3":{"name":"(anonymous_3)","decl":{"start":{"line":30,"column":18},"end":{"line":30,"column":19}},"loc":{"start":{"line":30,"column":20},"end":{"line":30,"column":38}}}},"branchMap":{"0":{"loc":{"start":{"line":18,"column":4},"end":{"line":21,"column":5}},"type":"if","locations":[{"start":{"line":18,"column":4},"end":{"line":21,"column":5}}]}},"s":{"0":2,"1":2,"2":2,"3":24,"4":24,"5":24,"6":24,"7":24,"8":3,"9":3,"10":24,"11":0,"12":0,"13":24,"14":16,"15":2},"f":{"0":24,"1":3,"2":0,"3":16},"b":{"0":[0]}}
,"C:\\progRSschool2\\apsmd-rs-react-app-task3-PR\\src\\components\\ThemeSwitcher\\ThemeSwitcher.tsx": {"path":"C:\\progRSschool2\\apsmd-rs-react-app-task3-PR\\src\\components\\ThemeSwitcher\\ThemeSwitcher.tsx","statementMap":{"0":{"start":{"line":1,"column":0},"end":{"line":1,"column":53}},"1":{"start":{"line":2,"column":0},"end":{"line":2,"column":58}},"2":{"start":{"line":4,"column":0},"end":{"line":4,"column":39}},"3":{"start":{"line":5,"column":0},"end":{"line":5,"column":38}},"4":{"start":{"line":6,"column":0},"end":{"line":6,"column":43}},"5":{"start":{"line":10,"column":32},"end":{"line":28,"column":1}},"6":{"start":{"line":11,"column":33},"end":{"line":11,"column":58}},"7":{"start":{"line":11,"column":15},"end":{"line":11,"column":17}},"8":{"start":{"line":11,"column":28},"end":{"line":11,"column":33}},"9":{"start":{"line":13,"column":2},"end":{"line":18,"column":14}},"10":{"start":{"line":15,"column":4},"end":{"line":15,"column":52}},"11":{"start":{"line":17,"column":4},"end":{"line":17,"column":39}},"12":{"start":{"line":21,"column":2},"end":{"line":27,"column":4}},"13":{"start":{"line":30,"column":0},"end":{"line":30,"column":29}}},"fnMap":{"0":{"name":"(anonymous_0)","decl":{"start":{"line":10,"column":32},"end":{"line":10,"column":null}},"loc":{"start":{"line":10,"column":32},"end":{"line":28,"column":1}}},"1":{"name":"(anonymous_1)","decl":{"start":{"line":13,"column":12},"end":{"line":13,"column":null}},"loc":{"start":{"line":13,"column":12},"end":{"line":18,"column":3}}}},"branchMap":{"0":{"loc":{"start":{"line":24,"column":19},"end":{"line":24,"column":55}},"type":"cond-expr","locations":[{"start":{"line":24,"column":39},"end":{"line":24,"column":45}},{"start":{"line":24,"column":48},"end":{"line":24,"column":55}}]}},"s":{"0":1,"1":1,"2":1,"3":1,"4":1,"5":1,"6":2,"7":2,"8":2,"9":2,"10":2,"11":2,"12":2,"13":1},"f":{"0":2,"1":2},"b":{"0":[1,1]}}
,"C:\\progRSschool2\\apsmd-rs-react-app-task3-PR\\src\\context\\ThemeContext.tsx": {"path":"C:\\progRSschool2\\apsmd-rs-react-app-task3-PR\\src\\context\\ThemeContext.tsx","statementMap":{"0":{"start":{"line":1,"column":0},"end":{"line":1,"column":78}},"1":{"start":{"line":10,"column":13},"end":{"line":10,"column":83}},"2":{"start":{"line":13,"column":24},"end":{"line":19,"column":1}},"3":{"start":{"line":14,"column":18},"end":{"line":14,"column":42}},"4":{"start":{"line":15,"column":2},"end":{"line":17,"column":3}},"5":{"start":{"line":16,"column":4},"end":{"line":16,"column":68}},"6":{"start":{"line":18,"column":2},"end":{"line":18,"column":17}},"7":{"start":{"line":13,"column":13},"end":{"line":13,"column":24}},"8":{"start":{"line":21,"column":64},"end":{"line":33,"column":1}},"9":{"start":{"line":21,"column":75},"end":{"line":21,"column":77}},"10":{"start":{"line":22,"column":28},"end":{"line":22,"column":52}},"11":{"start":{"line":22,"column":14},"end":{"line":22,"column":16}},"12":{"start":{"line":22,"column":24},"end":{"line":22,"column":28}},"13":{"start":{"line":24,"column":22},"end":{"line":26,"column":3}},"14":{"start":{"line":25,"column":4},"end":{"line":25,"column":72}},"15":{"start":{"line":25,"column":28},"end":{"line":25,"column":71}},"16":{"start":{"line":28,"column":2},"end":{"line":32,"column":4}},"17":{"start":{"line":21,"column":13},"end":{"line":21,"column":64}}},"fnMap":{"0":{"name":"(anonymous_0)","decl":{"start":{"line":13,"column":24},"end":{"line":13,"column":null}},"loc":{"start":{"line":13,"column":24},"end":{"line":19,"column":1}}},"1":{"name":"(anonymous_1)","decl":{"start":{"line":21,"column":64},"end":{"line":21,"column":65}},"loc":{"start":{"line":21,"column":77},"end":{"line":33,"column":1}}},"2":{"name":"(anonymous_2)","decl":{"start":{"line":24,"column":22},"end":{"line":24,"column":null}},"loc":{"start":{"line":24,"column":22},"end":{"line":26,"column":3}}},"3":{"name":"(anonymous_3)","decl":{"start":{"line":25,"column":13},"end":{"line":25,"column":14}},"loc":{"start":{"line":25,"column":23},"end":{"line":25,"column":29}}}},"branchMap":{"0":{"loc":{"start":{"line":15,"column":2},"end":{"line":17,"column":3}},"type":"if","locations":[{"start":{"line":15,"column":2},"end":{"line":17,"column":3}}]},"1":{"loc":{"start":{"line":25,"column":29},"end":{"line":25,"column":69}},"type":"cond-expr","locations":[{"start":{"line":25,"column":53},"end":{"line":25,"column":59}},{"start":{"line":25,"column":62},"end":{"line":25,"column":69}}]}},"s":{"0":3,"1":3,"2":3,"3":4,"4":3,"5":2,"6":1,"7":3,"8":3,"9":9,"10":9,"11":9,"12":9,"13":9,"14":4,"15":4,"16":9,"17":3},"f":{"0":4,"1":9,"2":4,"3":4},"b":{"0":[2],"1":[2,2]}}
,"C:\\progRSschool2\\apsmd-rs-react-app-task3-PR\\src\\features\\selectedItems\\selectedItemsSlice.ts": {"path":"C:\\progRSschool2\\apsmd-rs-react-app-task3-PR\\src\\features\\selectedItems\\selectedItemsSlice.ts","statementMap":{"0":{"start":{"line":1,"column":0},"end":{"line":1,"column":62}},"1":{"start":{"line":7,"column":41},"end":{"line":9,"column":2}},"2":{"start":{"line":11,"column":27},"end":{"line":27,"column":2}},"3":{"start":{"line":16,"column":6},"end":{"line":16,"column":47}},"4":{"start":{"line":19,"column":6},"end":{"line":21,"column":8}},"5":{"start":{"line":20,"column":18},"end":{"line":20,"column":null}},"6":{"start":{"line":24,"column":6},"end":{"line":24,"column":31}},"7":{"start":{"line":29,"column":15},"end":{"line":29,"column":51}},"8":{"start":{"line":30,"column":0},"end":{"line":30,"column":42}}},"fnMap":{"0":{"name":"(anonymous_0)","decl":{"start":{"line":15,"column":13},"end":{"line":15,"column":14}},"loc":{"start":{"line":15,"column":50},"end":{"line":17,"column":5}}},"1":{"name":"(anonymous_1)","decl":{"start":{"line":18,"column":16},"end":{"line":18,"column":17}},"loc":{"start":{"line":18,"column":53},"end":{"line":22,"column":5}}},"2":{"name":"(anonymous_2)","decl":{"start":{"line":20,"column":8},"end":{"line":20,"column":9}},"loc":{"start":{"line":20,"column":13},"end":{"line":20,"column":22}}},"3":{"name":"(anonymous_3)","decl":{"start":{"line":23,"column":16},"end":{"line":23,"column":17}},"loc":{"start":{"line":23,"column":22},"end":{"line":25,"column":5}}}},"branchMap":{},"s":{"0":1,"1":1,"2":1,"3":1,"4":1,"5":2,"6":1,"7":1,"8":1},"f":{"0":1,"1":1,"2":2,"3":1},"b":{}}
}
