TN:
SF:src\components\Pagination.tsx
FN:12,(anonymous_0)
FNF:1
FNH:1
FNDA:5,(anonymous_0)
DA:12,1
DA:13,5
DA:14,5
DA:15,5
DA:16,5
DA:17,5
DA:19,5
DA:31,1
LF:8
LH:8
BRF:0
BRH:0
end_of_record
TN:
SF:src\components\SearchBar\SearchBar.tsx
FN:9,(anonymous_0)
FN:12,(anonymous_1)
FN:17,(anonymous_2)
FN:30,(anonymous_3)
FNF:4
FNH:3
FNDA:24,(anonymous_0)
FNDA:3,(anonymous_1)
FNDA:0,(anonymous_2)
FNDA:16,(anonymous_3)
DA:2,2
DA:3,2
DA:9,24
DA:10,24
DA:12,24
DA:13,3
DA:14,3
DA:17,24
DA:18,0
DA:19,0
DA:24,24
DA:30,16
DA:38,2
LF:13
LH:11
BRDA:18,0,0,0
BRF:1
BRH:0
end_of_record
TN:
SF:src\components\ThemeSwitcher\ThemeSwitcher.tsx
FN:10,(anonymous_0)
FN:13,(anonymous_1)
FNF:2
FNH:2
FNDA:2,(anonymous_0)
FNDA:2,(anonymous_1)
DA:1,1
DA:2,1
DA:4,1
DA:5,1
DA:6,1
DA:10,1
DA:11,2
DA:13,2
DA:15,2
DA:17,2
DA:21,2
DA:30,1
LF:12
LH:12
BRDA:24,0,0,1
BRDA:24,0,1,1
BRF:2
BRH:2
end_of_record
TN:
SF:src\context\ThemeContext.tsx
FN:13,(anonymous_0)
FN:21,(anonymous_1)
FN:24,(anonymous_2)
FN:25,(anonymous_3)
FNF:4
FNH:4
FNDA:4,(anonymous_0)
FNDA:9,(anonymous_1)
FNDA:4,(anonymous_2)
FNDA:4,(anonymous_3)
DA:1,3
DA:10,3
DA:13,3
DA:14,4
DA:15,3
DA:16,2
DA:18,1
DA:21,9
DA:22,9
DA:24,9
DA:25,4
DA:28,9
LF:12
LH:12
BRDA:15,0,0,2
BRDA:25,1,0,2
BRDA:25,1,1,2
BRF:3
BRH:3
end_of_record
TN:
SF:src\features\selectedItems\selectedItemsSlice.ts
FN:15,(anonymous_0)
FN:18,(anonymous_1)
FN:20,(anonymous_2)
FN:23,(anonymous_3)
FNF:4
FNH:4
FNDA:1,(anonymous_0)
FNDA:1,(anonymous_1)
FNDA:2,(anonymous_2)
FNDA:1,(anonymous_3)
DA:1,1
DA:7,1
DA:11,1
DA:16,1
DA:19,1
DA:20,2
DA:24,1
DA:29,1
DA:30,1
LF:9
LH:9
BRF:0
BRH:0
end_of_record
